<?xml version="1.0" encoding="UTF-8"?>
<testsuite xmlns:xsi="http://www.w3.org/2001/XMLSchema-instance" xsi:noNamespaceSchemaLocation="https://maven.apache.org/surefire/maven-surefire-plugin/xsd/surefire-test-report-3.0.xsd" version="3.0" name="Projet.ete.Parapharmcie.ParapharmcieApplicationTests" time="7.145" tests="1" errors="0" skipped="0" failures="0">
  <properties>
[...]
</properties>
  <testcase name="contextLoads" classname="Projet.ete.Parapharmcie.ParapharmcieApplicationTests" time="0.588">
    <system-out><![CDATA[11:51:19.171 [main] INFO org.springframework.test.context.support.AnnotationConfigContextLoaderUtils -- Could not detect default configuration classes for test class [Projet.ete.Parapharmcie.ParapharmcieApplicationTests]: ParapharmcieApplicationTests does not declare any static, non-private, non-final, nested classes annotated with @Configuration.
11:51:19.342 [main] INFO org.springframework.boot.test.context.SpringBootTestContextBootstrapper -- Found @SpringBootConfiguration Projet.ete.Parapharmcie.ParapharmcieApplication for test class Projet.ete.Parapharmcie.ParapharmcieApplicationTests

  .   ____          _            __ _ _
 /\\ / ___'_ __ _ _(_)_ __  __ _ \ \ \ \
( ( )\___ | '_ | '_| | '_ \/ _` | \ \ \ \
 \\/  ___)| |_)| | | | | || (_| |  ) ) ) )
  '  |____| .__|_| |_|_| |_\__, | / / / /
 =========|_|==============|___/=/_/_/_/
 :: Spring Boot ::                (v3.1.2)

2023-11-29T11:51:19.886+01:00  INFO 8924 --- [           main] P.e.P.ParapharmcieApplicationTests       : Starting ParapharmcieApplicationTests using Java 19 with PID 8924 (started by Naimb in C:\Users\Naimb\OneDrive\Desktop\spiring_devops\Bac-kEnd_Para)
2023-11-29T11:51:19.887+01:00  INFO 8924 --- [           main] P.e.P.ParapharmcieApplicationTests       : No active profile set, falling back to 1 default profile: "default"
2023-11-29T11:51:20.892+01:00  INFO 8924 --- [           main] .s.d.r.c.RepositoryConfigurationDelegate : Bootstrapping Spring Data JPA repositories in DEFAULT mode.
2023-11-29T11:51:20.981+01:00  INFO 8924 --- [           main] .s.d.r.c.RepositoryConfigurationDelegate : Finished Spring Data repository scanning in 80 ms. Found 8 JPA repository interfaces.
2023-11-29T11:51:21.622+01:00  INFO 8924 --- [           main] o.hibernate.jpa.internal.util.LogHelper  : HHH000204: Processing PersistenceUnitInfo [name: default]
2023-11-29T11:51:21.714+01:00  INFO 8924 --- [           main] org.hibernate.Version                    : HHH000412: Hibernate ORM core version 6.2.6.Final
2023-11-29T11:51:21.717+01:00  INFO 8924 --- [           main] org.hibernate.cfg.Environment            : HHH000406: Using bytecode reflection optimizer
2023-11-29T11:51:21.966+01:00  INFO 8924 --- [           main] o.h.b.i.BytecodeProviderInitiator        : HHH000021: Bytecode provider name : bytebuddy
2023-11-29T11:51:22.145+01:00  INFO 8924 --- [           main] o.s.o.j.p.SpringPersistenceUnitInfo      : No LoadTimeWeaver setup: ignoring JPA class transformer
2023-11-29T11:51:22.169+01:00  INFO 8924 --- [           main] com.zaxxer.hikari.HikariDataSource       : HikariPool-1 - Starting...
2023-11-29T11:51:22.424+01:00  INFO 8924 --- [           main] com.zaxxer.hikari.pool.HikariPool        : HikariPool-1 - Added connection com.mysql.cj.jdbc.ConnectionImpl@643ecfef
2023-11-29T11:51:22.428+01:00  INFO 8924 --- [           main] com.zaxxer.hikari.HikariDataSource       : HikariPool-1 - Start completed.
2023-11-29T11:51:22.487+01:00  WARN 8924 --- [           main] org.hibernate.dialect.Dialect            : HHH000511: The 5.5.0 version for [org.hibernate.dialect.MySQLDialect] is no longer supported, hence certain features may not work properly. The minimum supported version is 5.7.0. Check the community dialects project for available legacy versions.
2023-11-29T11:51:22.922+01:00  INFO 8924 --- [           main] o.h.b.i.BytecodeProviderInitiator        : HHH000021: Bytecode provider name : bytebuddy
2023-11-29T11:51:23.749+01:00  INFO 8924 --- [           main] o.h.e.t.j.p.i.JtaPlatformInitiator       : HHH000490: Using JtaPlatform implementation: [org.hibernate.engine.transaction.jta.platform.internal.NoJtaPlatform]
2023-11-29T11:51:24.096+01:00  INFO 8924 --- [           main] j.LocalContainerEntityManagerFactoryBean : Initialized JPA EntityManagerFactory for persistence unit 'default'
2023-11-29T11:51:24.439+01:00  WARN 8924 --- [           main] ocalVariableTableParameterNameDiscoverer : Using deprecated '-debug' fallback for parameter name resolution. Compile the affected code with '-parameters' instead or avoid its introspection: Projet.ete.Parapharmcie.repo.AdminRepo
2023-11-29T11:51:24.670+01:00  WARN 8924 --- [           main] ocalVariableTableParameterNameDiscoverer : Using deprecated '-debug' fallback for parameter name resolution. Compile the affected code with '-parameters' instead or avoid its introspection: Projet.ete.Parapharmcie.repo.ImageRepo
2023-11-29T11:51:24.702+01:00  WARN 8924 --- [           main] ocalVariableTableParameterNameDiscoverer : Using deprecated '-debug' fallback for parameter name resolution. Compile the affected code with '-parameters' instead or avoid its introspection: Projet.ete.Parapharmcie.repo.OrderRepo
2023-11-29T11:51:24.727+01:00  WARN 8924 --- [           main] ocalVariableTableParameterNameDiscoverer : Using deprecated '-debug' fallback for parameter name resolution. Compile the affected code with '-parameters' instead or avoid its introspection: Projet.ete.Parapharmcie.repo.OrderItemRepo
2023-11-29T11:51:24.747+01:00  WARN 8924 --- [           main] ocalVariableTableParameterNameDiscoverer : Using deprecated '-debug' fallback for parameter name resolution. Compile the affected code with '-parameters' instead or avoid its introspection: Projet.ete.Parapharmcie.repo.ProductRepo
2023-11-29T11:51:24.776+01:00  WARN 8924 --- [           main] ocalVariableTableParameterNameDiscoverer : Using deprecated '-debug' fallback for parameter name resolution. Compile the affected code with '-parameters' instead or avoid its introspection: Projet.ete.Parapharmcie.repo.UserRepo
2023-11-29T11:51:24.977+01:00  WARN 8924 --- [           main] JpaBaseConfiguration$JpaWebConfiguration : spring.jpa.open-in-view is enabled by default. Therefore, database queries may be performed during view rendering. Explicitly configure spring.jpa.open-in-view to disable this warning
2023-11-29T11:51:25.440+01:00  INFO 8924 --- [           main] P.e.P.ParapharmcieApplicationTests       : Started ParapharmcieApplicationTests in 5.889 seconds (process running for 7.293)
]]></system-out>
  </testcase>
</testsuite>